Using pre-set license
Built from '2020.3/staging' branch; Version is '2020.3.25f1 (9b9180224418) revision 10195328'; Using compiler version '192528614'; Build Type 'Release'
OS: 'Windows 10  (10.0.19044) 64bit Core' Language: 'en' Physical Memory: 32599 MB
BatchMode: 1, IsHumanControllingUs: 0, StartBugReporterOnCrash: 0, Is64bit: 1, IsPro: 0

COMMAND LINE ARGUMENTS:
C:\Program Files\Unity\Hub\Editor\2020.3.25f1\Editor\Unity.exe
-adb2
-batchMode
-noUpm
-name
AssetImportWorker0
-projectPath
D:/Jehoshaphatia/Documents/Dev/Unity_Projects/LDT-Blog-Unity-AR-Push-Notif
-logFile
Logs/AssetImportWorker0.log
-srvPort
54790
Successfully changed project path to: D:/Jehoshaphatia/Documents/Dev/Unity_Projects/LDT-Blog-Unity-AR-Push-Notif
D:/Jehoshaphatia/Documents/Dev/Unity_Projects/LDT-Blog-Unity-AR-Push-Notif
Using Asset Import Pipeline V2.
Refreshing native plugins compatible for Editor in 55.00 ms, found 5 plugins.
Preloading 2 native plugins for Editor in 3.45 ms.
Initialize engine version: 2020.3.25f1 (9b9180224418)
[Subsystems] Discovering subsystems at path C:/Program Files/Unity/Hub/Editor/2020.3.25f1/Editor/Data/Resources/UnitySubsystems
[Subsystems] Discovering subsystems at path D:/Jehoshaphatia/Documents/Dev/Unity_Projects/LDT-Blog-Unity-AR-Push-Notif/Assets
GfxDevice: creating device client; threaded=0
Direct3D:
    Version:  Direct3D 11.0 [level 11.1]
    Renderer: NVIDIA GeForce RTX 2060 (ID=0x1f15)
    Vendor:   
    VRAM:     5980 MB
    Driver:   27.21.14.5167
Initialize mono
Mono path[0] = 'C:/Program Files/Unity/Hub/Editor/2020.3.25f1/Editor/Data/Managed'
Mono path[1] = 'C:/Program Files/Unity/Hub/Editor/2020.3.25f1/Editor/Data/MonoBleedingEdge/lib/mono/unityjit'
Mono config path = 'C:/Program Files/Unity/Hub/Editor/2020.3.25f1/Editor/Data/MonoBleedingEdge/etc'
Using monoOptions --debugger-agent=transport=dt_socket,embedding=1,server=y,suspend=n,address=127.0.0.1:56060
Begin MonoManager ReloadAssembly
Registering precompiled unity dll's ...
Register platform support module: C:/Program Files/Unity/Hub/Editor/2020.3.25f1/Editor/Data/PlaybackEngines/WebGLSupport/UnityEditor.WebGL.Extensions.dll
Register platform support module: C:/Program Files/Unity/Hub/Editor/2020.3.25f1/Editor/Data/PlaybackEngines/WindowsStandaloneSupport/UnityEditor.WindowsStandalone.Extensions.dll
Registered in 0.004065 seconds.
Native extension for WindowsStandalone target not found
Native extension for WebGL target not found
Refreshing native plugins compatible for Editor in 38.95 ms, found 5 plugins.
Preloading 2 native plugins for Editor in 0.18 ms.
Mono: successfully reloaded assembly
- Completed reload, in  0.500 seconds
Domain Reload Profiling:
	ReloadAssembly (500ms)
		BeginReloadAssembly (48ms)
			ExecutionOrderSort (0ms)
			DisableScriptedObjects (0ms)
			BackupInstance (0ms)
			ReleaseScriptingObjects (0ms)
			CreateAndSetChildDomain (1ms)
		EndReloadAssembly (384ms)
			LoadAssemblies (46ms)
			RebuildTransferFunctionScriptingTraits (0ms)
			SetupTypeCache (130ms)
			ReleaseScriptCaches (0ms)
			RebuildScriptCaches (25ms)
			SetupLoadedEditorAssemblies (142ms)
				LogAssemblyErrors (0ms)
				InitializePlatformSupportModulesInManaged (5ms)
				SetLoadedEditorAssemblies (0ms)
				RefreshPlugins (39ms)
				BeforeProcessingInitializeOnLoad (11ms)
				ProcessInitializeOnLoadAttributes (64ms)
				ProcessInitializeOnLoadMethodAttributes (22ms)
				AfterProcessingInitializeOnLoad (0ms)
				EditorAssembliesLoaded (0ms)
			ExecutionOrderSort2 (0ms)
			AwakeInstancesAfterBackupRestoration (0ms)
Platform modules already initialized, skipping
Registering precompiled user dll's ...
Registered in 0.033127 seconds.
Begin MonoManager ReloadAssembly
Native extension for WindowsStandalone target not found
Native extension for WebGL target not found
Refreshing native plugins compatible for Editor in 0.52 ms, found 5 plugins.
Preloading 2 native plugins for Editor in 0.27 ms.
System.NullReferenceException: Object reference not set to an instance of an object
  at Vuforia.EditorClasses.ExtensionTypeProvider.GetVuforiaPackageAbsPath () [0x0004a] in <0213e6f0fa134fa89db6bafa02899715>:0 
  at Vuforia.EditorClasses.ExtensionTypeProvider.IsPackageManager () [0x00000] in <0213e6f0fa134fa89db6bafa02899715>:0 
  at Vuforia.EditorClasses.ExtensionTypeProvider.ResolvePluginType () [0x00009] in <0213e6f0fa134fa89db6bafa02899715>:0 
  at Vuforia.EditorClasses.ExtensionTypeProvider.GetPluginType () [0x0000c] in <0213e6f0fa134fa89db6bafa02899715>:0 
  at Vuforia.EditorClasses.VuforiaUtilities.IsVuforiaEnabledInPlayerSettings () [0x00000] in <0213e6f0fa134fa89db6bafa02899715>:0 
  at VuforiaEnabledObserver..cctor () [0x00000] in <0213e6f0fa134fa89db6bafa02899715>:0 
UnityEngine.StackTraceUtility:ExtractStackTrace ()
UnityEngine.DebugLogHandler:LogFormat (UnityEngine.LogType,UnityEngine.Object,string,object[])
UnityEngine.Logger:Log (UnityEngine.LogType,object)
UnityEngine.Debug:LogError (object)
UnityEditor.EditorAssemblies:ProcessInitializeOnLoadAttributes (System.Type[])

System.NullReferenceException: Object reference not set to an instance of an object
  at Vuforia.EditorClasses.ExtensionTypeProvider.GetVuforiaPackageAbsPath () [0x0004a] in <0213e6f0fa134fa89db6bafa02899715>:0 
  at Vuforia.EditorClasses.ExtensionTypeProvider.IsPackageManager () [0x00000] in <0213e6f0fa134fa89db6bafa02899715>:0 
  at Vuforia.EditorClasses.ExtensionTypeProvider.ResolvePluginType () [0x00009] in <0213e6f0fa134fa89db6bafa02899715>:0 
  at Vuforia.EditorClasses.ExtensionTypeProvider.GetPluginType () [0x0000c] in <0213e6f0fa134fa89db6bafa02899715>:0 
  at Vuforia.EditorClasses.VuforiaUtilities.IsVuforiaEnabledInPlayerSettings () [0x00000] in <0213e6f0fa134fa89db6bafa02899715>:0 
  at Vuforia.EditorClasses.InitializeOnLoadVuforiaTaskRunner..cctor () [0x00015] in <0213e6f0fa134fa89db6bafa02899715>:0 
UnityEngine.StackTraceUtility:ExtractStackTrace ()
UnityEngine.DebugLogHandler:LogFormat (UnityEngine.LogType,UnityEngine.Object,string,object[])
UnityEngine.Logger:Log (UnityEngine.LogType,object)
UnityEngine.Debug:LogError (object)
UnityEditor.EditorAssemblies:ProcessInitializeOnLoadAttributes (System.Type[])

Mono: successfully reloaded assembly
- Completed reload, in  0.955 seconds
Domain Reload Profiling:
	ReloadAssembly (956ms)
		BeginReloadAssembly (125ms)
			ExecutionOrderSort (0ms)
			DisableScriptedObjects (4ms)
			BackupInstance (0ms)
			ReleaseScriptingObjects (0ms)
			CreateAndSetChildDomain (17ms)
		EndReloadAssembly (771ms)
			LoadAssemblies (88ms)
			RebuildTransferFunctionScriptingTraits (0ms)
			SetupTypeCache (266ms)
			ReleaseScriptCaches (0ms)
			RebuildScriptCaches (37ms)
			SetupLoadedEditorAssemblies (292ms)
				LogAssemblyErrors (0ms)
				InitializePlatformSupportModulesInManaged (5ms)
				SetLoadedEditorAssemblies (1ms)
				RefreshPlugins (1ms)
				BeforeProcessingInitializeOnLoad (78ms)
				ProcessInitializeOnLoadAttributes (191ms)
				ProcessInitializeOnLoadMethodAttributes (7ms)
				AfterProcessingInitializeOnLoad (8ms)
				EditorAssembliesLoaded (0ms)
			ExecutionOrderSort2 (0ms)
			AwakeInstancesAfterBackupRestoration (6ms)
Platform modules already initialized, skipping
========================================================================
Worker process is ready to serve import requests
Launched and connected shader compiler UnityShaderCompiler.exe after 0.04 seconds
Refreshing native plugins compatible for Editor in 0.51 ms, found 5 plugins.
Preloading 2 native plugins for Editor in 0.19 ms.
Unloading 1629 Unused Serialized files (Serialized files now loaded: 0)
System memory in use before: 78.1 MB.
System memory in use after: 78.2 MB.

Unloading 45 unused Assets to reduce memory usage. Loaded Objects now: 2363.
Total: 3.009800 ms (FindLiveObjects: 0.154200 ms CreateObjectMapping: 0.067400 ms MarkObjects: 2.722800 ms  DeleteObjects: 0.064700 ms)

AssetImportParameters requested are different than current active one (requested -> active):
  custom:framework-win-MediaFoundation: 216162199b28c13a410421893ffa2e32 -> 
  custom:video-decoder-ogg-theora: a1e56fd34408186e4bbccfd4996cb3dc -> 
  custom:container-muxer-webm: aa71ff27fc2769a1b78a27578f13a17b -> 
  custom:container-demuxer-webm: 4f35f7cbe854078d1ac9338744f61a02 -> 
  custom:container-demuxer-ogg: 62fdf1f143b41e24485cea50d1cbac27 -> 
  custom:video-encoder-webm-vp8: eb34c28f22e8b96e1ab97ce403110664 -> 
  custom:video-decoder-webm-vp8: 9c59270c3fd7afecdb556c50c9e8de78 -> 
  custom:audio-decoder-ogg-vorbis: bf7c407c2cedff20999df2af8eb42d56 -> 
  custom:audio-encoder-webm-vorbis: bf7c407c2cedff20999df2af8eb42d56 -> 
========================================================================
Received Import Request.
  path: Assets/Common/Icons/Android/AdaptiveIcons/BackGround_x108.png
  artifactKey: Guid(aebd9fdb8f30d4d18b318f4312877849) Importer(815301076,1909f56bfc062723c751e8b465ee728b)
Start importing Assets/Common/Icons/Android/AdaptiveIcons/BackGround_x108.png using Guid(aebd9fdb8f30d4d18b318f4312877849) Importer(815301076,1909f56bfc062723c751e8b465ee728b)  -> (artifact id: '1806b2d4fb2b86bb55288f36af0f7850') in 0.077159 seconds 
  Import took 0.079659 seconds .

========================================================================
Received Import Request.
  Time since last request: 0.000316 seconds.
  path: Assets/Common/Sprites/background_white.png
  artifactKey: Guid(05a8ed3e38b63bf439be3daf61f4f95d) Importer(815301076,1909f56bfc062723c751e8b465ee728b)
Start importing Assets/Common/Sprites/background_white.png using Guid(05a8ed3e38b63bf439be3daf61f4f95d) Importer(815301076,1909f56bfc062723c751e8b465ee728b)  -> (artifact id: '55569a6f50bf8a011af8ee4c47261ed3') in 0.013280 seconds 
  Import took 0.015748 seconds .

========================================================================
Received Import Request.
  Time since last request: 0.000361 seconds.
  path: Assets/Common/Icons/Android/AdaptiveIcons/BackGround_x324.png
  artifactKey: Guid(2c78137d6929a46249f124bad6c3c8a8) Importer(815301076,1909f56bfc062723c751e8b465ee728b)
Start importing Assets/Common/Icons/Android/AdaptiveIcons/BackGround_x324.png using Guid(2c78137d6929a46249f124bad6c3c8a8) Importer(815301076,1909f56bfc062723c751e8b465ee728b)  -> (artifact id: 'ae0974a9a24c73621136192d0fae5f06') in 0.018093 seconds 
  Import took 0.020867 seconds .

========================================================================
Received Import Request.
  Time since last request: 0.000302 seconds.
  path: Assets/SamplesResources/Scenes/3-GroundPlane.unity
  artifactKey: Guid(3151807591542436f9ddfbf021a1545d) Importer(815301076,1909f56bfc062723c751e8b465ee728b)
Start importing Assets/SamplesResources/Scenes/3-GroundPlane.unity using Guid(3151807591542436f9ddfbf021a1545d) Importer(815301076,1909f56bfc062723c751e8b465ee728b)  -> (artifact id: 'e00021226982b76892486c021d260fcf') in 0.004266 seconds 
  Import took 0.007185 seconds .

========================================================================
Received Import Request.
  Time since last request: 0.000354 seconds.
  path: Assets/Common/Icons/Android/AdaptiveIcons/BackGround_x216.png
  artifactKey: Guid(ad05b3745e8844194bae1994e47cd9b3) Importer(815301076,1909f56bfc062723c751e8b465ee728b)
Start importing Assets/Common/Icons/Android/AdaptiveIcons/BackGround_x216.png using Guid(ad05b3745e8844194bae1994e47cd9b3) Importer(815301076,1909f56bfc062723c751e8b465ee728b)  -> (artifact id: '1d695142018bf89bdcbeb82b0fb08ad1') in 0.015580 seconds 
  Import took 0.018876 seconds .

========================================================================
Received Import Request.
  Time since last request: 0.000315 seconds.
  path: Assets/Common/Icons/Android/AdaptiveIcons/BackGround_x081.png
  artifactKey: Guid(7b3a41568325b49058f0f996eb569a3b) Importer(815301076,1909f56bfc062723c751e8b465ee728b)
Start importing Assets/Common/Icons/Android/AdaptiveIcons/BackGround_x081.png using Guid(7b3a41568325b49058f0f996eb569a3b) Importer(815301076,1909f56bfc062723c751e8b465ee728b)  -> (artifact id: 'c19220aabc6cfed2993ab240e9b468d5') in 0.014173 seconds 
  Import took 0.017607 seconds .

========================================================================
Received Import Request.
  Time since last request: 0.000391 seconds.
  path: Assets/Common/Icons/Android/AdaptiveIcons/BackGround_x432.png
  artifactKey: Guid(17890dd0942584ef7b1886ffc15250a1) Importer(815301076,1909f56bfc062723c751e8b465ee728b)
Start importing Assets/Common/Icons/Android/AdaptiveIcons/BackGround_x432.png using Guid(17890dd0942584ef7b1886ffc15250a1) Importer(815301076,1909f56bfc062723c751e8b465ee728b)  -> (artifact id: '2b4702991327633b71f933ce48ce5ee3') in 0.013927 seconds 
  Import took 0.016781 seconds .

========================================================================
Received Import Request.
  Time since last request: 0.000309 seconds.
  path: Assets/Common/Sprites/background_black.png
  artifactKey: Guid(220a261d5e0aa3449a8be2c0042343eb) Importer(815301076,1909f56bfc062723c751e8b465ee728b)
Start importing Assets/Common/Sprites/background_black.png using Guid(220a261d5e0aa3449a8be2c0042343eb) Importer(815301076,1909f56bfc062723c751e8b465ee728b)  -> (artifact id: 'b999396da1e15743f1dc4c3fcdfcc0fc') in 0.014532 seconds 
  Import took 0.017724 seconds .

========================================================================
Received Import Request.
  Time since last request: 0.000354 seconds.
  path: Assets/Common/Icons/Android/AdaptiveIcons/BackGround_x162.png
  artifactKey: Guid(96655ac7a5e9f46d0af3ba32b5ce1d2c) Importer(815301076,1909f56bfc062723c751e8b465ee728b)
Start importing Assets/Common/Icons/Android/AdaptiveIcons/BackGround_x162.png using Guid(96655ac7a5e9f46d0af3ba32b5ce1d2c) Importer(815301076,1909f56bfc062723c751e8b465ee728b)  -> (artifact id: 'd39489889a1d5fe873566b19e059363b') in 0.014593 seconds 
  Import took 0.017737 seconds .

========================================================================
Received Prepare
Registering precompiled user dll's ...
Registered in 0.031141 seconds.
Begin MonoManager ReloadAssembly
Native extension for WindowsStandalone target not found
Native extension for WebGL target not found
Refreshing native plugins compatible for Editor in 0.75 ms, found 7 plugins.
Preloading 2 native plugins for Editor in 0.24 ms.
System.NullReferenceException: Object reference not set to an instance of an object
  at Vuforia.EditorClasses.ExtensionTypeProvider.GetVuforiaPackageAbsPath () [0x0004a] in <0213e6f0fa134fa89db6bafa02899715>:0 
  at Vuforia.EditorClasses.ExtensionTypeProvider.IsPackageManager () [0x00000] in <0213e6f0fa134fa89db6bafa02899715>:0 
  at Vuforia.EditorClasses.ExtensionTypeProvider.ResolvePluginType () [0x00009] in <0213e6f0fa134fa89db6bafa02899715>:0 
  at Vuforia.EditorClasses.ExtensionTypeProvider.GetPluginType () [0x0000c] in <0213e6f0fa134fa89db6bafa02899715>:0 
  at Vuforia.EditorClasses.VuforiaUtilities.IsVuforiaEnabledInPlayerSettings () [0x00000] in <0213e6f0fa134fa89db6bafa02899715>:0 
  at VuforiaEnabledObserver..cctor () [0x00000] in <0213e6f0fa134fa89db6bafa02899715>:0 
UnityEngine.StackTraceUtility:ExtractStackTrace ()
UnityEngine.DebugLogHandler:LogFormat (UnityEngine.LogType,UnityEngine.Object,string,object[])
UnityEngine.Logger:Log (UnityEngine.LogType,object)
UnityEngine.Debug:LogError (object)
UnityEditor.EditorAssemblies:ProcessInitializeOnLoadAttributes (System.Type[])

System.NullReferenceException: Object reference not set to an instance of an object
  at Vuforia.EditorClasses.ExtensionTypeProvider.GetVuforiaPackageAbsPath () [0x0004a] in <0213e6f0fa134fa89db6bafa02899715>:0 
  at Vuforia.EditorClasses.ExtensionTypeProvider.IsPackageManager () [0x00000] in <0213e6f0fa134fa89db6bafa02899715>:0 
  at Vuforia.EditorClasses.ExtensionTypeProvider.ResolvePluginType () [0x00009] in <0213e6f0fa134fa89db6bafa02899715>:0 
  at Vuforia.EditorClasses.ExtensionTypeProvider.GetPluginType () [0x0000c] in <0213e6f0fa134fa89db6bafa02899715>:0 
  at Vuforia.EditorClasses.VuforiaUtilities.IsVuforiaEnabledInPlayerSettings () [0x00000] in <0213e6f0fa134fa89db6bafa02899715>:0 
  at Vuforia.EditorClasses.InitializeOnLoadVuforiaTaskRunner..cctor () [0x00015] in <0213e6f0fa134fa89db6bafa02899715>:0 
UnityEngine.StackTraceUtility:ExtractStackTrace ()
UnityEngine.DebugLogHandler:LogFormat (UnityEngine.LogType,UnityEngine.Object,string,object[])
UnityEngine.Logger:Log (UnityEngine.LogType,object)
UnityEngine.Debug:LogError (object)
UnityEditor.EditorAssemblies:ProcessInitializeOnLoadAttributes (System.Type[])

Mono: successfully reloaded assembly
- Completed reload, in  0.915 seconds
Domain Reload Profiling:
	ReloadAssembly (915ms)
		BeginReloadAssembly (100ms)
			ExecutionOrderSort (0ms)
			DisableScriptedObjects (4ms)
			BackupInstance (0ms)
			ReleaseScriptingObjects (0ms)
			CreateAndSetChildDomain (32ms)
		EndReloadAssembly (758ms)
			LoadAssemblies (85ms)
			RebuildTransferFunctionScriptingTraits (0ms)
			SetupTypeCache (270ms)
			ReleaseScriptCaches (1ms)
			RebuildScriptCaches (38ms)
			SetupLoadedEditorAssemblies (264ms)
				LogAssemblyErrors (0ms)
				InitializePlatformSupportModulesInManaged (5ms)
				SetLoadedEditorAssemblies (0ms)
				RefreshPlugins (1ms)
				BeforeProcessingInitializeOnLoad (78ms)
				ProcessInitializeOnLoadAttributes (165ms)
				ProcessInitializeOnLoadMethodAttributes (8ms)
				AfterProcessingInitializeOnLoad (7ms)
				EditorAssembliesLoaded (0ms)
			ExecutionOrderSort2 (0ms)
			AwakeInstancesAfterBackupRestoration (6ms)
Platform modules already initialized, skipping
Refreshing native plugins compatible for Editor in 0.73 ms, found 7 plugins.
Preloading 2 native plugins for Editor in 0.20 ms.
Unloading 1624 Unused Serialized files (Serialized files now loaded: 0)
System memory in use before: 79.3 MB.
System memory in use after: 79.4 MB.

Unloading 66 unused Assets to reduce memory usage. Loaded Objects now: 2391.
Total: 2.713600 ms (FindLiveObjects: 0.172300 ms CreateObjectMapping: 0.068800 ms MarkObjects: 2.389700 ms  DeleteObjects: 0.081900 ms)

AssetImportParameters requested are different than current active one (requested -> active):
  custom:framework-win-MediaFoundation: 216162199b28c13a410421893ffa2e32 -> 
  custom:video-decoder-ogg-theora: a1e56fd34408186e4bbccfd4996cb3dc -> 
  custom:container-muxer-webm: aa71ff27fc2769a1b78a27578f13a17b -> 
  custom:container-demuxer-webm: 4f35f7cbe854078d1ac9338744f61a02 -> 
  custom:container-demuxer-ogg: 62fdf1f143b41e24485cea50d1cbac27 -> 
  custom:video-encoder-webm-vp8: eb34c28f22e8b96e1ab97ce403110664 -> 
  custom:video-decoder-webm-vp8: 9c59270c3fd7afecdb556c50c9e8de78 -> 
  custom:audio-decoder-ogg-vorbis: bf7c407c2cedff20999df2af8eb42d56 -> 
  custom:audio-encoder-webm-vorbis: bf7c407c2cedff20999df2af8eb42d56 -> 
========================================================================
Received Prepare
Registering precompiled user dll's ...
Registered in 0.044822 seconds.
Begin MonoManager ReloadAssembly
Native extension for WindowsStandalone target not found
Native extension for WebGL target not found
Refreshing native plugins compatible for Editor in 0.76 ms, found 7 plugins.
Preloading 2 native plugins for Editor in 0.38 ms.
System.NullReferenceException: Object reference not set to an instance of an object
  at Vuforia.EditorClasses.ExtensionTypeProvider.GetVuforiaPackageAbsPath () [0x0004a] in <0213e6f0fa134fa89db6bafa02899715>:0 
  at Vuforia.EditorClasses.ExtensionTypeProvider.IsPackageManager () [0x00000] in <0213e6f0fa134fa89db6bafa02899715>:0 
  at Vuforia.EditorClasses.ExtensionTypeProvider.ResolvePluginType () [0x00009] in <0213e6f0fa134fa89db6bafa02899715>:0 
  at Vuforia.EditorClasses.ExtensionTypeProvider.GetPluginType () [0x0000c] in <0213e6f0fa134fa89db6bafa02899715>:0 
  at Vuforia.EditorClasses.VuforiaUtilities.IsVuforiaEnabledInPlayerSettings () [0x00000] in <0213e6f0fa134fa89db6bafa02899715>:0 
  at VuforiaEnabledObserver..cctor () [0x00000] in <0213e6f0fa134fa89db6bafa02899715>:0 
UnityEngine.StackTraceUtility:ExtractStackTrace ()
UnityEngine.DebugLogHandler:LogFormat (UnityEngine.LogType,UnityEngine.Object,string,object[])
UnityEngine.Logger:Log (UnityEngine.LogType,object)
UnityEngine.Debug:LogError (object)
UnityEditor.EditorAssemblies:ProcessInitializeOnLoadAttributes (System.Type[])

System.NullReferenceException: Object reference not set to an instance of an object
  at Vuforia.EditorClasses.ExtensionTypeProvider.GetVuforiaPackageAbsPath () [0x0004a] in <0213e6f0fa134fa89db6bafa02899715>:0 
  at Vuforia.EditorClasses.ExtensionTypeProvider.IsPackageManager () [0x00000] in <0213e6f0fa134fa89db6bafa02899715>:0 
  at Vuforia.EditorClasses.ExtensionTypeProvider.ResolvePluginType () [0x00009] in <0213e6f0fa134fa89db6bafa02899715>:0 
  at Vuforia.EditorClasses.ExtensionTypeProvider.GetPluginType () [0x0000c] in <0213e6f0fa134fa89db6bafa02899715>:0 
  at Vuforia.EditorClasses.VuforiaUtilities.IsVuforiaEnabledInPlayerSettings () [0x00000] in <0213e6f0fa134fa89db6bafa02899715>:0 
  at Vuforia.EditorClasses.InitializeOnLoadVuforiaTaskRunner..cctor () [0x00015] in <0213e6f0fa134fa89db6bafa02899715>:0 
UnityEngine.StackTraceUtility:ExtractStackTrace ()
UnityEngine.DebugLogHandler:LogFormat (UnityEngine.LogType,UnityEngine.Object,string,object[])
UnityEngine.Logger:Log (UnityEngine.LogType,object)
UnityEngine.Debug:LogError (object)
UnityEditor.EditorAssemblies:ProcessInitializeOnLoadAttributes (System.Type[])

Mono: successfully reloaded assembly
- Completed reload, in  0.993 seconds
Domain Reload Profiling:
	ReloadAssembly (993ms)
		BeginReloadAssembly (120ms)
			ExecutionOrderSort (0ms)
			DisableScriptedObjects (3ms)
			BackupInstance (0ms)
			ReleaseScriptingObjects (0ms)
			CreateAndSetChildDomain (34ms)
		EndReloadAssembly (811ms)
			LoadAssemblies (115ms)
			RebuildTransferFunctionScriptingTraits (0ms)
			SetupTypeCache (273ms)
			ReleaseScriptCaches (1ms)
			RebuildScriptCaches (35ms)
			SetupLoadedEditorAssemblies (289ms)
				LogAssemblyErrors (0ms)
				InitializePlatformSupportModulesInManaged (5ms)
				SetLoadedEditorAssemblies (0ms)
				RefreshPlugins (1ms)
				BeforeProcessingInitializeOnLoad (79ms)
				ProcessInitializeOnLoadAttributes (188ms)
				ProcessInitializeOnLoadMethodAttributes (7ms)
				AfterProcessingInitializeOnLoad (8ms)
				EditorAssembliesLoaded (0ms)
			ExecutionOrderSort2 (0ms)
			AwakeInstancesAfterBackupRestoration (6ms)
Platform modules already initialized, skipping
Refreshing native plugins compatible for Editor in 0.72 ms, found 7 plugins.
Preloading 2 native plugins for Editor in 0.20 ms.
Unloading 1624 Unused Serialized files (Serialized files now loaded: 0)
System memory in use before: 79.3 MB.
System memory in use after: 79.4 MB.

Unloading 66 unused Assets to reduce memory usage. Loaded Objects now: 2393.
Total: 2.389000 ms (FindLiveObjects: 0.169800 ms CreateObjectMapping: 0.089200 ms MarkObjects: 2.103700 ms  DeleteObjects: 0.025100 ms)

AssetImportParameters requested are different than current active one (requested -> active):
  custom:framework-win-MediaFoundation: 216162199b28c13a410421893ffa2e32 -> 
  custom:video-decoder-ogg-theora: a1e56fd34408186e4bbccfd4996cb3dc -> 
  custom:container-muxer-webm: aa71ff27fc2769a1b78a27578f13a17b -> 
  custom:container-demuxer-webm: 4f35f7cbe854078d1ac9338744f61a02 -> 
  custom:container-demuxer-ogg: 62fdf1f143b41e24485cea50d1cbac27 -> 
  custom:video-encoder-webm-vp8: eb34c28f22e8b96e1ab97ce403110664 -> 
  custom:video-decoder-webm-vp8: 9c59270c3fd7afecdb556c50c9e8de78 -> 
  custom:audio-decoder-ogg-vorbis: bf7c407c2cedff20999df2af8eb42d56 -> 
  custom:audio-encoder-webm-vorbis: bf7c407c2cedff20999df2af8eb42d56 -> 
========================================================================
Received Prepare
Registering precompiled user dll's ...
Registered in 0.029397 seconds.
Begin MonoManager ReloadAssembly
Native extension for WindowsStandalone target not found
Native extension for WebGL target not found
Refreshing native plugins compatible for Editor in 0.84 ms, found 7 plugins.
Preloading 2 native plugins for Editor in 0.25 ms.
System.NullReferenceException: Object reference not set to an instance of an object
  at Vuforia.EditorClasses.ExtensionTypeProvider.GetVuforiaPackageAbsPath () [0x0004a] in <0213e6f0fa134fa89db6bafa02899715>:0 
  at Vuforia.EditorClasses.ExtensionTypeProvider.IsPackageManager () [0x00000] in <0213e6f0fa134fa89db6bafa02899715>:0 
  at Vuforia.EditorClasses.ExtensionTypeProvider.ResolvePluginType () [0x00009] in <0213e6f0fa134fa89db6bafa02899715>:0 
  at Vuforia.EditorClasses.ExtensionTypeProvider.GetPluginType () [0x0000c] in <0213e6f0fa134fa89db6bafa02899715>:0 
  at Vuforia.EditorClasses.VuforiaUtilities.IsVuforiaEnabledInPlayerSettings () [0x00000] in <0213e6f0fa134fa89db6bafa02899715>:0 
  at VuforiaEnabledObserver..cctor () [0x00000] in <0213e6f0fa134fa89db6bafa02899715>:0 
UnityEngine.StackTraceUtility:ExtractStackTrace ()
UnityEngine.DebugLogHandler:LogFormat (UnityEngine.LogType,UnityEngine.Object,string,object[])
UnityEngine.Logger:Log (UnityEngine.LogType,object)
UnityEngine.Debug:LogError (object)
UnityEditor.EditorAssemblies:ProcessInitializeOnLoadAttributes (System.Type[])

System.NullReferenceException: Object reference not set to an instance of an object
  at Vuforia.EditorClasses.ExtensionTypeProvider.GetVuforiaPackageAbsPath () [0x0004a] in <0213e6f0fa134fa89db6bafa02899715>:0 
  at Vuforia.EditorClasses.ExtensionTypeProvider.IsPackageManager () [0x00000] in <0213e6f0fa134fa89db6bafa02899715>:0 
  at Vuforia.EditorClasses.ExtensionTypeProvider.ResolvePluginType () [0x00009] in <0213e6f0fa134fa89db6bafa02899715>:0 
  at Vuforia.EditorClasses.ExtensionTypeProvider.GetPluginType () [0x0000c] in <0213e6f0fa134fa89db6bafa02899715>:0 
  at Vuforia.EditorClasses.VuforiaUtilities.IsVuforiaEnabledInPlayerSettings () [0x00000] in <0213e6f0fa134fa89db6bafa02899715>:0 
  at Vuforia.EditorClasses.InitializeOnLoadVuforiaTaskRunner..cctor () [0x00015] in <0213e6f0fa134fa89db6bafa02899715>:0 
UnityEngine.StackTraceUtility:ExtractStackTrace ()
UnityEngine.DebugLogHandler:LogFormat (UnityEngine.LogType,UnityEngine.Object,string,object[])
UnityEngine.Logger:Log (UnityEngine.LogType,object)
UnityEngine.Debug:LogError (object)
UnityEditor.EditorAssemblies:ProcessInitializeOnLoadAttributes (System.Type[])

Mono: successfully reloaded assembly
- Completed reload, in  0.948 seconds
Domain Reload Profiling:
	ReloadAssembly (948ms)
		BeginReloadAssembly (102ms)
			ExecutionOrderSort (0ms)
			DisableScriptedObjects (4ms)
			BackupInstance (0ms)
			ReleaseScriptingObjects (0ms)
			CreateAndSetChildDomain (31ms)
		EndReloadAssembly (788ms)
			LoadAssemblies (105ms)
			RebuildTransferFunctionScriptingTraits (0ms)
			SetupTypeCache (276ms)
			ReleaseScriptCaches (1ms)
			RebuildScriptCaches (32ms)
			SetupLoadedEditorAssemblies (286ms)
				LogAssemblyErrors (0ms)
				InitializePlatformSupportModulesInManaged (5ms)
				SetLoadedEditorAssemblies (0ms)
				RefreshPlugins (1ms)
				BeforeProcessingInitializeOnLoad (75ms)
				ProcessInitializeOnLoadAttributes (189ms)
				ProcessInitializeOnLoadMethodAttributes (6ms)
				AfterProcessingInitializeOnLoad (8ms)
				EditorAssembliesLoaded (0ms)
			ExecutionOrderSort2 (0ms)
			AwakeInstancesAfterBackupRestoration (5ms)
Platform modules already initialized, skipping
Refreshing native plugins compatible for Editor in 0.72 ms, found 7 plugins.
Preloading 2 native plugins for Editor in 0.19 ms.
Unloading 1624 Unused Serialized files (Serialized files now loaded: 0)
System memory in use before: 79.4 MB.
System memory in use after: 79.5 MB.

Unloading 66 unused Assets to reduce memory usage. Loaded Objects now: 2395.
Total: 2.524900 ms (FindLiveObjects: 0.196700 ms CreateObjectMapping: 0.066700 ms MarkObjects: 2.236800 ms  DeleteObjects: 0.023900 ms)

AssetImportParameters requested are different than current active one (requested -> active):
  custom:framework-win-MediaFoundation: 216162199b28c13a410421893ffa2e32 -> 
  custom:video-decoder-ogg-theora: a1e56fd34408186e4bbccfd4996cb3dc -> 
  custom:container-muxer-webm: aa71ff27fc2769a1b78a27578f13a17b -> 
  custom:container-demuxer-webm: 4f35f7cbe854078d1ac9338744f61a02 -> 
  custom:container-demuxer-ogg: 62fdf1f143b41e24485cea50d1cbac27 -> 
  custom:video-encoder-webm-vp8: eb34c28f22e8b96e1ab97ce403110664 -> 
  custom:video-decoder-webm-vp8: 9c59270c3fd7afecdb556c50c9e8de78 -> 
  custom:audio-decoder-ogg-vorbis: bf7c407c2cedff20999df2af8eb42d56 -> 
  custom:audio-encoder-webm-vorbis: bf7c407c2cedff20999df2af8eb42d56 -> 
========================================================================
Received Import Request.
  Time since last request: 2902.912154 seconds.
  path: Assets
  artifactKey: Guid(00000000000000001000000000000000) Importer(815301076,1909f56bfc062723c751e8b465ee728b)
Start importing Assets using Guid(00000000000000001000000000000000) Importer(815301076,1909f56bfc062723c751e8b465ee728b)  -> (artifact id: '42d402b061de3733987d63b9cc3b64de') in 0.007302 seconds 
  Import took 0.010873 seconds .

========================================================================
Received Import Request.
  Time since last request: 16.168311 seconds.
  path: Assets/Scripts
  artifactKey: Guid(e891307a007e0c84c87084795e9f2f43) Importer(815301076,1909f56bfc062723c751e8b465ee728b)
Start importing Assets/Scripts using Guid(e891307a007e0c84c87084795e9f2f43) Importer(815301076,1909f56bfc062723c751e8b465ee728b)  -> (artifact id: '701540728d0dab1da2ed792a22925c39') in 0.003485 seconds 
  Import took 0.006326 seconds .

========================================================================
Received Import Request.
  Time since last request: 60.923316 seconds.
  path: Assets/Scripts/FCMStart.cs
  artifactKey: Guid(9bf0e5e87cb563249b9032612fe0bb40) Importer(815301076,1909f56bfc062723c751e8b465ee728b)
Start importing Assets/Scripts/FCMStart.cs using Guid(9bf0e5e87cb563249b9032612fe0bb40) Importer(815301076,1909f56bfc062723c751e8b465ee728b)  -> (artifact id: '777ad87535b9c6a2226e4ddb6ad9fc98') in 0.006428 seconds 
  Import took 0.009349 seconds .

========================================================================
Received Prepare
Registering precompiled user dll's ...
Registered in 0.030578 seconds.
Begin MonoManager ReloadAssembly
Native extension for WindowsStandalone target not found
Native extension for WebGL target not found
Refreshing native plugins compatible for Editor in 0.71 ms, found 7 plugins.
Preloading 2 native plugins for Editor in 0.24 ms.
System.NullReferenceException: Object reference not set to an instance of an object
  at Vuforia.EditorClasses.ExtensionTypeProvider.GetVuforiaPackageAbsPath () [0x0004a] in <0213e6f0fa134fa89db6bafa02899715>:0 
  at Vuforia.EditorClasses.ExtensionTypeProvider.IsPackageManager () [0x00000] in <0213e6f0fa134fa89db6bafa02899715>:0 
  at Vuforia.EditorClasses.ExtensionTypeProvider.ResolvePluginType () [0x00009] in <0213e6f0fa134fa89db6bafa02899715>:0 
  at Vuforia.EditorClasses.ExtensionTypeProvider.GetPluginType () [0x0000c] in <0213e6f0fa134fa89db6bafa02899715>:0 
  at Vuforia.EditorClasses.VuforiaUtilities.IsVuforiaEnabledInPlayerSettings () [0x00000] in <0213e6f0fa134fa89db6bafa02899715>:0 
  at VuforiaEnabledObserver..cctor () [0x00000] in <0213e6f0fa134fa89db6bafa02899715>:0 
UnityEngine.StackTraceUtility:ExtractStackTrace ()
UnityEngine.DebugLogHandler:LogFormat (UnityEngine.LogType,UnityEngine.Object,string,object[])
UnityEngine.Logger:Log (UnityEngine.LogType,object)
UnityEngine.Debug:LogError (object)
UnityEditor.EditorAssemblies:ProcessInitializeOnLoadAttributes (System.Type[])

System.NullReferenceException: Object reference not set to an instance of an object
  at Vuforia.EditorClasses.ExtensionTypeProvider.GetVuforiaPackageAbsPath () [0x0004a] in <0213e6f0fa134fa89db6bafa02899715>:0 
  at Vuforia.EditorClasses.ExtensionTypeProvider.IsPackageManager () [0x00000] in <0213e6f0fa134fa89db6bafa02899715>:0 
  at Vuforia.EditorClasses.ExtensionTypeProvider.ResolvePluginType () [0x00009] in <0213e6f0fa134fa89db6bafa02899715>:0 
  at Vuforia.EditorClasses.ExtensionTypeProvider.GetPluginType () [0x0000c] in <0213e6f0fa134fa89db6bafa02899715>:0 
  at Vuforia.EditorClasses.VuforiaUtilities.IsVuforiaEnabledInPlayerSettings () [0x00000] in <0213e6f0fa134fa89db6bafa02899715>:0 
  at Vuforia.EditorClasses.InitializeOnLoadVuforiaTaskRunner..cctor () [0x00015] in <0213e6f0fa134fa89db6bafa02899715>:0 
UnityEngine.StackTraceUtility:ExtractStackTrace ()
UnityEngine.DebugLogHandler:LogFormat (UnityEngine.LogType,UnityEngine.Object,string,object[])
UnityEngine.Logger:Log (UnityEngine.LogType,object)
UnityEngine.Debug:LogError (object)
UnityEditor.EditorAssemblies:ProcessInitializeOnLoadAttributes (System.Type[])

Mono: successfully reloaded assembly
- Completed reload, in  0.974 seconds
Domain Reload Profiling:
	ReloadAssembly (974ms)
		BeginReloadAssembly (103ms)
			ExecutionOrderSort (0ms)
			DisableScriptedObjects (4ms)
			BackupInstance (0ms)
			ReleaseScriptingObjects (0ms)
			CreateAndSetChildDomain (33ms)
		EndReloadAssembly (810ms)
			LoadAssemblies (96ms)
			RebuildTransferFunctionScriptingTraits (0ms)
			SetupTypeCache (277ms)
			ReleaseScriptCaches (1ms)
			RebuildScriptCaches (36ms)
			SetupLoadedEditorAssemblies (296ms)
				LogAssemblyErrors (0ms)
				InitializePlatformSupportModulesInManaged (6ms)
				SetLoadedEditorAssemblies (0ms)
				RefreshPlugins (1ms)
				BeforeProcessingInitializeOnLoad (75ms)
				ProcessInitializeOnLoadAttributes (199ms)
				ProcessInitializeOnLoadMethodAttributes (6ms)
				AfterProcessingInitializeOnLoad (8ms)
				EditorAssembliesLoaded (0ms)
			ExecutionOrderSort2 (0ms)
			AwakeInstancesAfterBackupRestoration (5ms)
Platform modules already initialized, skipping
Refreshing native plugins compatible for Editor in 0.70 ms, found 7 plugins.
Preloading 2 native plugins for Editor in 0.19 ms.
Unloading 1625 Unused Serialized files (Serialized files now loaded: 0)
System memory in use before: 79.4 MB.
System memory in use after: 79.5 MB.

Unloading 66 unused Assets to reduce memory usage. Loaded Objects now: 2398.
Total: 3.117900 ms (FindLiveObjects: 0.470700 ms CreateObjectMapping: 0.228800 ms MarkObjects: 2.384300 ms  DeleteObjects: 0.029800 ms)

AssetImportParameters requested are different than current active one (requested -> active):
  custom:framework-win-MediaFoundation: 216162199b28c13a410421893ffa2e32 -> 
  custom:video-decoder-ogg-theora: a1e56fd34408186e4bbccfd4996cb3dc -> 
  custom:container-muxer-webm: aa71ff27fc2769a1b78a27578f13a17b -> 
  custom:container-demuxer-webm: 4f35f7cbe854078d1ac9338744f61a02 -> 
  custom:container-demuxer-ogg: 62fdf1f143b41e24485cea50d1cbac27 -> 
  custom:video-encoder-webm-vp8: eb34c28f22e8b96e1ab97ce403110664 -> 
  custom:video-decoder-webm-vp8: 9c59270c3fd7afecdb556c50c9e8de78 -> 
  custom:audio-decoder-ogg-vorbis: bf7c407c2cedff20999df2af8eb42d56 -> 
  custom:audio-encoder-webm-vorbis: bf7c407c2cedff20999df2af8eb42d56 -> 
========================================================================
Received Import Request.
  Time since last request: 1149.149807 seconds.
  path: Assets/Scripts/FCMStart.cs
  artifactKey: Guid(9bf0e5e87cb563249b9032612fe0bb40) Importer(815301076,1909f56bfc062723c751e8b465ee728b)
Start importing Assets/Scripts/FCMStart.cs using Guid(9bf0e5e87cb563249b9032612fe0bb40) Importer(815301076,1909f56bfc062723c751e8b465ee728b)  -> (artifact id: 'a39660ef3f7c180b52feb8308e04adab') in 0.008395 seconds 
  Import took 0.012040 seconds .

========================================================================
Received Import Request.
  Time since last request: 7.948224 seconds.
  path: Assets/Scripts/FCMStart.cs
  artifactKey: Guid(9bf0e5e87cb563249b9032612fe0bb40) Importer(815301076,1909f56bfc062723c751e8b465ee728b)
Start importing Assets/Scripts/FCMStart.cs using Guid(9bf0e5e87cb563249b9032612fe0bb40) Importer(815301076,1909f56bfc062723c751e8b465ee728b)  -> (artifact id: 'f39b98d2ba6ceb997023d5c55d35f399') in 0.003325 seconds 
  Import took 0.006402 seconds .

========================================================================
Received Import Request.
  Time since last request: 136.337702 seconds.
  path: Assets/Scripts/FCMStart.cs
  artifactKey: Guid(9bf0e5e87cb563249b9032612fe0bb40) Importer(815301076,1909f56bfc062723c751e8b465ee728b)
Start importing Assets/Scripts/FCMStart.cs using Guid(9bf0e5e87cb563249b9032612fe0bb40) Importer(815301076,1909f56bfc062723c751e8b465ee728b)  -> (artifact id: '616d95ce70b21e16980b95b0318f564f') in 0.003979 seconds 
  Import took 0.006827 seconds .

========================================================================
Received Prepare
Registering precompiled user dll's ...
Registered in 0.034094 seconds.
Begin MonoManager ReloadAssembly
Native extension for WindowsStandalone target not found
Native extension for WebGL target not found
Refreshing native plugins compatible for Editor in 0.66 ms, found 7 plugins.
Preloading 2 native plugins for Editor in 0.46 ms.
System.NullReferenceException: Object reference not set to an instance of an object
  at Vuforia.EditorClasses.ExtensionTypeProvider.GetVuforiaPackageAbsPath () [0x0004a] in <0213e6f0fa134fa89db6bafa02899715>:0 
  at Vuforia.EditorClasses.ExtensionTypeProvider.IsPackageManager () [0x00000] in <0213e6f0fa134fa89db6bafa02899715>:0 
  at Vuforia.EditorClasses.ExtensionTypeProvider.ResolvePluginType () [0x00009] in <0213e6f0fa134fa89db6bafa02899715>:0 
  at Vuforia.EditorClasses.ExtensionTypeProvider.GetPluginType () [0x0000c] in <0213e6f0fa134fa89db6bafa02899715>:0 
  at Vuforia.EditorClasses.VuforiaUtilities.IsVuforiaEnabledInPlayerSettings () [0x00000] in <0213e6f0fa134fa89db6bafa02899715>:0 
  at VuforiaEnabledObserver..cctor () [0x00000] in <0213e6f0fa134fa89db6bafa02899715>:0 
UnityEngine.StackTraceUtility:ExtractStackTrace ()
UnityEngine.DebugLogHandler:LogFormat (UnityEngine.LogType,UnityEngine.Object,string,object[])
UnityEngine.Logger:Log (UnityEngine.LogType,object)
UnityEngine.Debug:LogError (object)
UnityEditor.EditorAssemblies:ProcessInitializeOnLoadAttributes (System.Type[])

System.NullReferenceException: Object reference not set to an instance of an object
  at Vuforia.EditorClasses.ExtensionTypeProvider.GetVuforiaPackageAbsPath () [0x0004a] in <0213e6f0fa134fa89db6bafa02899715>:0 
  at Vuforia.EditorClasses.ExtensionTypeProvider.IsPackageManager () [0x00000] in <0213e6f0fa134fa89db6bafa02899715>:0 
  at Vuforia.EditorClasses.ExtensionTypeProvider.ResolvePluginType () [0x00009] in <0213e6f0fa134fa89db6bafa02899715>:0 
  at Vuforia.EditorClasses.ExtensionTypeProvider.GetPluginType () [0x0000c] in <0213e6f0fa134fa89db6bafa02899715>:0 
  at Vuforia.EditorClasses.VuforiaUtilities.IsVuforiaEnabledInPlayerSettings () [0x00000] in <0213e6f0fa134fa89db6bafa02899715>:0 
  at Vuforia.EditorClasses.InitializeOnLoadVuforiaTaskRunner..cctor () [0x00015] in <0213e6f0fa134fa89db6bafa02899715>:0 
UnityEngine.StackTraceUtility:ExtractStackTrace ()
UnityEngine.DebugLogHandler:LogFormat (UnityEngine.LogType,UnityEngine.Object,string,object[])
UnityEngine.Logger:Log (UnityEngine.LogType,object)
UnityEngine.Debug:LogError (object)
UnityEditor.EditorAssemblies:ProcessInitializeOnLoadAttributes (System.Type[])

Mono: successfully reloaded assembly
- Completed reload, in  0.975 seconds
Domain Reload Profiling:
	ReloadAssembly (976ms)
		BeginReloadAssembly (105ms)
			ExecutionOrderSort (0ms)
			DisableScriptedObjects (4ms)
			BackupInstance (0ms)
			ReleaseScriptingObjects (0ms)
			CreateAndSetChildDomain (30ms)
		EndReloadAssembly (810ms)
			LoadAssemblies (96ms)
			RebuildTransferFunctionScriptingTraits (0ms)
			SetupTypeCache (300ms)
			ReleaseScriptCaches (1ms)
			RebuildScriptCaches (35ms)
			SetupLoadedEditorAssemblies (281ms)
				LogAssemblyErrors (0ms)
				InitializePlatformSupportModulesInManaged (5ms)
				SetLoadedEditorAssemblies (0ms)
				RefreshPlugins (1ms)
				BeforeProcessingInitializeOnLoad (69ms)
				ProcessInitializeOnLoadAttributes (191ms)
				ProcessInitializeOnLoadMethodAttributes (6ms)
				AfterProcessingInitializeOnLoad (8ms)
				EditorAssembliesLoaded (0ms)
			ExecutionOrderSort2 (0ms)
			AwakeInstancesAfterBackupRestoration (5ms)
Platform modules already initialized, skipping
Refreshing native plugins compatible for Editor in 0.71 ms, found 7 plugins.
Preloading 2 native plugins for Editor in 0.19 ms.
Unloading 1625 Unused Serialized files (Serialized files now loaded: 0)
System memory in use before: 79.4 MB.
System memory in use after: 79.5 MB.

Unloading 66 unused Assets to reduce memory usage. Loaded Objects now: 2400.
Total: 2.633100 ms (FindLiveObjects: 0.156400 ms CreateObjectMapping: 0.068700 ms MarkObjects: 2.367300 ms  DeleteObjects: 0.039900 ms)

AssetImportParameters requested are different than current active one (requested -> active):
  custom:framework-win-MediaFoundation: 216162199b28c13a410421893ffa2e32 -> 
  custom:video-decoder-ogg-theora: a1e56fd34408186e4bbccfd4996cb3dc -> 
  custom:container-muxer-webm: aa71ff27fc2769a1b78a27578f13a17b -> 
  custom:container-demuxer-webm: 4f35f7cbe854078d1ac9338744f61a02 -> 
  custom:container-demuxer-ogg: 62fdf1f143b41e24485cea50d1cbac27 -> 
  custom:video-encoder-webm-vp8: eb34c28f22e8b96e1ab97ce403110664 -> 
  custom:video-decoder-webm-vp8: 9c59270c3fd7afecdb556c50c9e8de78 -> 
  custom:audio-decoder-ogg-vorbis: bf7c407c2cedff20999df2af8eb42d56 -> 
  custom:audio-encoder-webm-vorbis: bf7c407c2cedff20999df2af8eb42d56 -> 
========================================================================
Received Prepare
Registering precompiled user dll's ...
Registered in 0.033960 seconds.
Begin MonoManager ReloadAssembly
Native extension for WindowsStandalone target not found
Native extension for WebGL target not found
Refreshing native plugins compatible for Editor in 1.04 ms, found 8 plugins.
Preloading 2 native plugins for Editor in 0.23 ms.
System.IO.FileNotFoundException: Could not load file or assembly 'Google.VersionHandlerImpl, Version=1.2.0.0, Culture=neutral, PublicKeyToken=null' or one of its dependencies.
File name: 'Google.VersionHandlerImpl, Version=1.2.0.0, Culture=neutral, PublicKeyToken=null'
UnityEngine.StackTraceUtility:ExtractStackTrace ()
UnityEngine.DebugLogHandler:LogFormat (UnityEngine.LogType,UnityEngine.Object,string,object[])
UnityEngine.Logger:Log (UnityEngine.LogType,object)
UnityEngine.Debug:LogError (object)
UnityEditor.EditorAssemblies:ProcessInitializeOnLoadAttributes (System.Type[])

System.NullReferenceException: Object reference not set to an instance of an object
  at Vuforia.EditorClasses.ExtensionTypeProvider.GetVuforiaPackageAbsPath () [0x0004a] in <0213e6f0fa134fa89db6bafa02899715>:0 
  at Vuforia.EditorClasses.ExtensionTypeProvider.IsPackageManager () [0x00000] in <0213e6f0fa134fa89db6bafa02899715>:0 
  at Vuforia.EditorClasses.ExtensionTypeProvider.ResolvePluginType () [0x00009] in <0213e6f0fa134fa89db6bafa02899715>:0 
  at Vuforia.EditorClasses.ExtensionTypeProvider.GetPluginType () [0x0000c] in <0213e6f0fa134fa89db6bafa02899715>:0 
  at Vuforia.EditorClasses.VuforiaUtilities.IsVuforiaEnabledInPlayerSettings () [0x00000] in <0213e6f0fa134fa89db6bafa02899715>:0 
  at VuforiaEnabledObserver..cctor () [0x00000] in <0213e6f0fa134fa89db6bafa02899715>:0 
UnityEngine.StackTraceUtility:ExtractStackTrace ()
UnityEngine.DebugLogHandler:LogFormat (UnityEngine.LogType,UnityEngine.Object,string,object[])
UnityEngine.Logger:Log (UnityEngine.LogType,object)
UnityEngine.Debug:LogError (object)
UnityEditor.EditorAssemblies:ProcessInitializeOnLoadAttributes (System.Type[])

System.NullReferenceException: Object reference not set to an instance of an object
  at Vuforia.EditorClasses.ExtensionTypeProvider.GetVuforiaPackageAbsPath () [0x0004a] in <0213e6f0fa134fa89db6bafa02899715>:0 
  at Vuforia.EditorClasses.ExtensionTypeProvider.IsPackageManager () [0x00000] in <0213e6f0fa134fa89db6bafa02899715>:0 
  at Vuforia.EditorClasses.ExtensionTypeProvider.ResolvePluginType () [0x00009] in <0213e6f0fa134fa89db6bafa02899715>:0 
  at Vuforia.EditorClasses.ExtensionTypeProvider.GetPluginType () [0x0000c] in <0213e6f0fa134fa89db6bafa02899715>:0 
  at Vuforia.EditorClasses.VuforiaUtilities.IsVuforiaEnabledInPlayerSettings () [0x00000] in <0213e6f0fa134fa89db6bafa02899715>:0 
  at Vuforia.EditorClasses.InitializeOnLoadVuforiaTaskRunner..cctor () [0x00015] in <0213e6f0fa134fa89db6bafa02899715>:0 
UnityEngine.StackTraceUtility:ExtractStackTrace ()
UnityEngine.DebugLogHandler:LogFormat (UnityEngine.LogType,UnityEngine.Object,string,object[])
UnityEngine.Logger:Log (UnityEngine.LogType,object)
UnityEngine.Debug:LogError (object)
UnityEditor.EditorAssemblies:ProcessInitializeOnLoadAttributes (System.Type[])

Mono: successfully reloaded assembly
FileNotFoundException: Could not load file or assembly 'Google.VersionHandlerImpl, Version=1.2.0.0, Culture=neutral, PublicKeyToken=null' or one of its dependencies.
Rethrow as TypeInitializationException: The type initializer for 'Firebase.Messaging.Editor.AndroidManifestPatcher' threw an exception.
  at (wrapper managed-to-native) System.Reflection.MonoCMethod.InternalInvoke(System.Reflection.MonoCMethod,object,object[],System.Exception&)
  at System.Reflection.MonoCMethod.InternalInvoke (System.Object obj, System.Object[] parameters) [0x00002] in <695d1cc93cca45069c528c15c9fdd749>:0 
Rethrow as TargetInvocationException: Exception has been thrown by the target of an invocation.
  at System.Reflection.MonoCMethod.InternalInvoke (System.Object obj, System.Object[] parameters) [0x00014] in <695d1cc93cca45069c528c15c9fdd749>:0 
  at System.RuntimeType.CreateInstanceMono (System.Boolean nonPublic) [0x000a8] in <695d1cc93cca45069c528c15c9fdd749>:0 
  at System.RuntimeType.CreateInstanceSlow (System.Boolean publicOnly, System.Boolean skipCheckThis, System.Boolean fillCache, System.Threading.StackCrawlMark& stackMark) [0x00009] in <695d1cc93cca45069c528c15c9fdd749>:0 
  at System.RuntimeType.CreateInstanceDefaultCtor (System.Boolean publicOnly, System.Boolean skipCheckThis, System.Boolean fillCache, System.Threading.StackCrawlMark& stackMark) [0x00027] in <695d1cc93cca45069c528c15c9fdd749>:0 
  at System.Activator.CreateInstance (System.Type type, System.Boolean nonPublic) [0x00020] in <695d1cc93cca45069c528c15c9fdd749>:0 
  at System.Activator.CreateInstance (System.Type type) [0x00000] in <695d1cc93cca45069c528c15c9fdd749>:0 
  at UnityEditor.AssetPostprocessingInternal.GetMeshProcessorsHashString () [0x00035] in <7ac35247888b44f4a7e290f1f6bb33f3>:0 
UnityEngine.DebugLogHandler:Internal_LogException(Exception, Object)
UnityEngine.DebugLogHandler:LogException(Exception, Object)
UnityEngine.Logger:LogException(Exception, Object)
UnityEngine.Debug:LogException(Exception)
UnityEditor.AssetPostprocessingInternal:GetMeshProcessorsHashString()

FileNotFoundException: Could not load file or assembly 'Google.VersionHandlerImpl, Version=1.2.0.0, Culture=neutral, PublicKeyToken=null' or one of its dependencies.
Rethrow as TypeInitializationException: The type initializer for 'Firebase.Messaging.Editor.AndroidManifestPatcher' threw an exception.
  at (wrapper managed-to-native) System.Reflection.MonoCMethod.InternalInvoke(System.Reflection.MonoCMethod,object,object[],System.Exception&)
  at System.Reflection.MonoCMethod.InternalInvoke (System.Object obj, System.Object[] parameters) [0x00002] in <695d1cc93cca45069c528c15c9fdd749>:0 
Rethrow as TargetInvocationException: Exception has been thrown by the target of an invocation.
  at System.Reflection.MonoCMethod.InternalInvoke (System.Object obj, System.Object[] parameters) [0x00014] in <695d1cc93cca45069c528c15c9fdd749>:0 
  at System.RuntimeType.CreateInstanceMono (System.Boolean nonPublic) [0x000a8] in <695d1cc93cca45069c528c15c9fdd749>:0 
  at System.RuntimeType.CreateInstanceSlow (System.Boolean publicOnly, System.Boolean skipCheckThis, System.Boolean fillCache, System.Threading.StackCrawlMark& stackMark) [0x00009] in <695d1cc93cca45069c528c15c9fdd749>:0 
  at System.RuntimeType.CreateInstanceDefaultCtor (System.Boolean publicOnly, System.Boolean skipCheckThis, System.Boolean fillCache, System.Threading.StackCrawlMark& stackMark) [0x00027] in <695d1cc93cca45069c528c15c9fdd749>:0 
  at System.Activator.CreateInstance (System.Type type, System.Boolean nonPublic) [0x00020] in <695d1cc93cca45069c528c15c9fdd749>:0 
  at System.Activator.CreateInstance (System.Type type) [0x00000] in <695d1cc93cca45069c528c15c9fdd749>:0 
  at UnityEditor.AssetPostprocessingInternal.GetTextureProcessorsHashString () [0x00035] in <7ac35247888b44f4a7e290f1f6bb33f3>:0 
UnityEngine.DebugLogHandler:Internal_LogException(Exception, Object)
UnityEngine.DebugLogHandler:LogException(Exception, Object)
UnityEngine.Logger:LogException(Exception, Object)
UnityEngine.Debug:LogException(Exception)
UnityEditor.AssetPostprocessingInternal:GetTextureProcessorsHashString()

FileNotFoundException: Could not load file or assembly 'Google.VersionHandlerImpl, Version=1.2.0.0, Culture=neutral, PublicKeyToken=null' or one of its dependencies.
Rethrow as TypeInitializationException: The type initializer for 'Firebase.Messaging.Editor.AndroidManifestPatcher' threw an exception.
  at (wrapper managed-to-native) System.Reflection.MonoCMethod.InternalInvoke(System.Reflection.MonoCMethod,object,object[],System.Exception&)
  at System.Reflection.MonoCMethod.InternalInvoke (System.Object obj, System.Object[] parameters) [0x00002] in <695d1cc93cca45069c528c15c9fdd749>:0 
Rethrow as TargetInvocationException: Exception has been thrown by the target of an invocation.
  at System.Reflection.MonoCMethod.InternalInvoke (System.Object obj, System.Object[] parameters) [0x00014] in <695d1cc93cca45069c528c15c9fdd749>:0 
  at System.RuntimeType.CreateInstanceMono (System.Boolean nonPublic) [0x000a8] in <695d1cc93cca45069c528c15c9fdd749>:0 
  at System.RuntimeType.CreateInstanceSlow (System.Boolean publicOnly, System.Boolean skipCheckThis, System.Boolean fillCache, System.Threading.StackCrawlMark& stackMark) [0x00009] in <695d1cc93cca45069c528c15c9fdd749>:0 
  at System.RuntimeType.CreateInstanceDefaultCtor (System.Boolean publicOnly, System.Boolean skipCheckThis, System.Boolean fillCache, System.Threading.StackCrawlMark& stackMark) [0x00027] in <695d1cc93cca45069c528c15c9fdd749>:0 
  at System.Activator.CreateInstance (System.Type type, System.Boolean nonPublic) [0x00020] in <695d1cc93cca45069c528c15c9fdd749>:0 
  at System.Activator.CreateInstance (System.Type type) [0x00000] in <695d1cc93cca45069c528c15c9fdd749>:0 
  at UnityEditor.AssetPostprocessingInternal.GetAudioProcessorsHashString () [0x00035] in <7ac35247888b44f4a7e290f1f6bb33f3>:0 
UnityEngine.DebugLogHandler:Internal_LogException(Exception, Object)
UnityEngine.DebugLogHandler:LogException(Exception, Object)
UnityEngine.Logger:LogException(Exception, Object)
UnityEngine.Debug:LogException(Exception)
UnityEditor.AssetPostprocessingInternal:GetAudioProcessorsHashString()

FileNotFoundException: Could not load file or assembly 'Google.VersionHandlerImpl, Version=1.2.0.0, Culture=neutral, PublicKeyToken=null' or one of its dependencies.
Rethrow as TypeInitializationException: The type initializer for 'Firebase.Messaging.Editor.AndroidManifestPatcher' threw an exception.
  at (wrapper managed-to-native) System.Reflection.MonoCMethod.InternalInvoke(System.Reflection.MonoCMethod,object,object[],System.Exception&)
  at System.Reflection.MonoCMethod.InternalInvoke (System.Object obj, System.Object[] parameters) [0x00002] in <695d1cc93cca45069c528c15c9fdd749>:0 
Rethrow as TargetInvocationException: Exception has been thrown by the target of an invocation.
  at System.Reflection.MonoCMethod.InternalInvoke (System.Object obj, System.Object[] parameters) [0x00014] in <695d1cc93cca45069c528c15c9fdd749>:0 
  at System.RuntimeType.CreateInstanceMono (System.Boolean nonPublic) [0x000a8] in <695d1cc93cca45069c528c15c9fdd749>:0 
  at System.RuntimeType.CreateInstanceSlow (System.Boolean publicOnly, System.Boolean skipCheckThis, System.Boolean fillCache, System.Threading.StackCrawlMark& stackMark) [0x00009] in <695d1cc93cca45069c528c15c9fdd749>:0 
  at System.RuntimeType.CreateInstanceDefaultCtor (System.Boolean publicOnly, System.Boolean skipCheckThis, System.Boolean fillCache, System.Threading.StackCrawlMark& stackMark) [0x00027] in <695d1cc93cca45069c528c15c9fdd749>:0 
  at System.Activator.CreateInstance (System.Type type, System.Boolean nonPublic) [0x00020] in <695d1cc93cca45069c528c15c9fdd749>:0 
  at System.Activator.CreateInstance (System.Type type) [0x00000] in <695d1cc93cca45069c528c15c9fdd749>:0 
  at UnityEditor.AssetPostprocessingInternal.GetSpeedTreeProcessorsHashString () [0x00035] in <7ac35247888b44f4a7e290f1f6bb33f3>:0 
UnityEngine.DebugLogHandler:Internal_LogException(Exception, Object)
UnityEngine.DebugLogHandler:LogException(Exception, Object)
UnityEngine.Logger:LogException(Exception, Object)
UnityEngine.Debug:LogException(Exception)
UnityEditor.AssetPostprocessingInternal:GetSpeedTreeProcessorsHashString()

FileNotFoundException: Could not load file or assembly 'Google.VersionHandlerImpl, Version=1.2.0.0, Culture=neutral, PublicKeyToken=null' or one of its dependencies.
Rethrow as TypeInitializationException: The type initializer for 'Firebase.Messaging.Editor.AndroidManifestPatcher' threw an exception.
  at (wrapper managed-to-native) System.Reflection.MonoCMethod.InternalInvoke(System.Reflection.MonoCMethod,object,object[],System.Exception&)
  at System.Reflection.MonoCMethod.InternalInvoke (System.Object obj, System.Object[] parameters) [0x00002] in <695d1cc93cca45069c528c15c9fdd749>:0 
Rethrow as TargetInvocationException: Exception has been thrown by the target of an invocation.
  at System.Reflection.MonoCMethod.InternalInvoke (System.Object obj, System.Object[] parameters) [0x00014] in <695d1cc93cca45069c528c15c9fdd749>:0 
  at System.RuntimeType.CreateInstanceMono (System.Boolean nonPublic) [0x000a8] in <695d1cc93cca45069c528c15c9fdd749>:0 
  at System.RuntimeType.CreateInstanceSlow (System.Boolean publicOnly, System.Boolean skipCheckThis, System.Boolean fillCache, System.Threading.StackCrawlMark& stackMark) [0x00009] in <695d1cc93cca45069c528c15c9fdd749>:0 
  at System.RuntimeType.CreateInstanceDefaultCtor (System.Boolean publicOnly, System.Boolean skipCheckThis, System.Boolean fillCache, System.Threading.StackCrawlMark& stackMark) [0x00027] in <695d1cc93cca45069c528c15c9fdd749>:0 
  at System.Activator.CreateInstance (System.Type type, System.Boolean nonPublic) [0x00020] in <695d1cc93cca45069c528c15c9fdd749>:0 
  at System.Activator.CreateInstance (System.Type type) [0x00000] in <695d1cc93cca45069c528c15c9fdd749>:0 
  at UnityEditor.AssetPostprocessingInternal.GetPrefabProcessorsHashString () [0x00035] in <7ac35247888b44f4a7e290f1f6bb33f3>:0 
UnityEngine.DebugLogHandler:Internal_LogException(Exception, Object)
UnityEngine.DebugLogHandler:LogException(Exception, Object)
UnityEngine.Logger:LogException(Exception, Object)
UnityEngine.Debug:LogException(Exception)
UnityEditor.AssetPostprocessingInternal:GetPrefabProcessorsHashString()

- Completed reload, in  0.971 seconds
Domain Reload Profiling:
	ReloadAssembly (971ms)
		BeginReloadAssembly (118ms)
			ExecutionOrderSort (0ms)
			DisableScriptedObjects (4ms)
			BackupInstance (0ms)
			ReleaseScriptingObjects (0ms)
			CreateAndSetChildDomain (36ms)
		EndReloadAssembly (794ms)
			LoadAssemblies (100ms)
			RebuildTransferFunctionScriptingTraits (0ms)
			SetupTypeCache (283ms)
			ReleaseScriptCaches (1ms)
			RebuildScriptCaches (32ms)
			SetupLoadedEditorAssemblies (279ms)
				LogAssemblyErrors (0ms)
				InitializePlatformSupportModulesInManaged (4ms)
				SetLoadedEditorAssemblies (0ms)
				RefreshPlugins (1ms)
				BeforeProcessingInitializeOnLoad (74ms)
				ProcessInitializeOnLoadAttributes (182ms)
				ProcessInitializeOnLoadMethodAttributes (9ms)
				AfterProcessingInitializeOnLoad (8ms)
				EditorAssembliesLoaded (0ms)
			ExecutionOrderSort2 (0ms)
			AwakeInstancesAfterBackupRestoration (6ms)
Platform modules already initialized, skipping
Refreshing native plugins compatible for Editor in 0.74 ms, found 8 plugins.
Preloading 2 native plugins for Editor in 0.19 ms.
Unloading 1631 Unused Serialized files (Serialized files now loaded: 0)
System memory in use before: 79.6 MB.
System memory in use after: 79.7 MB.

Unloading 72 unused Assets to reduce memory usage. Loaded Objects now: 2402.
Total: 2.684800 ms (FindLiveObjects: 0.183500 ms CreateObjectMapping: 0.070400 ms MarkObjects: 2.370000 ms  DeleteObjects: 0.030500 ms)

AssetImportParameters requested are different than current active one (requested -> active):
  custom:framework-win-MediaFoundation: 216162199b28c13a410421893ffa2e32 -> 
  custom:video-decoder-ogg-theora: a1e56fd34408186e4bbccfd4996cb3dc -> 
  custom:container-muxer-webm: aa71ff27fc2769a1b78a27578f13a17b -> 
  custom:container-demuxer-webm: 4f35f7cbe854078d1ac9338744f61a02 -> 
  custom:container-demuxer-ogg: 62fdf1f143b41e24485cea50d1cbac27 -> 
  custom:video-encoder-webm-vp8: eb34c28f22e8b96e1ab97ce403110664 -> 
  custom:video-decoder-webm-vp8: 9c59270c3fd7afecdb556c50c9e8de78 -> 
  custom:audio-decoder-ogg-vorbis: bf7c407c2cedff20999df2af8eb42d56 -> 
  custom:audio-encoder-webm-vorbis: bf7c407c2cedff20999df2af8eb42d56 -> 
========================================================================
Received Prepare
Registering precompiled user dll's ...
Registered in 0.035747 seconds.
Begin MonoManager ReloadAssembly
Native extension for WindowsStandalone target not found
Native extension for WebGL target not found
Refreshing native plugins compatible for Editor in 0.96 ms, found 8 plugins.
Preloading 2 native plugins for Editor in 0.27 ms.
System.NullReferenceException: Object reference not set to an instance of an object
  at Vuforia.EditorClasses.ExtensionTypeProvider.GetVuforiaPackageAbsPath () [0x0004a] in <0213e6f0fa134fa89db6bafa02899715>:0 
  at Vuforia.EditorClasses.ExtensionTypeProvider.IsPackageManager () [0x00000] in <0213e6f0fa134fa89db6bafa02899715>:0 
  at Vuforia.EditorClasses.ExtensionTypeProvider.ResolvePluginType () [0x00009] in <0213e6f0fa134fa89db6bafa02899715>:0 
  at Vuforia.EditorClasses.ExtensionTypeProvider.GetPluginType () [0x0000c] in <0213e6f0fa134fa89db6bafa02899715>:0 
  at Vuforia.EditorClasses.VuforiaUtilities.IsVuforiaEnabledInPlayerSettings () [0x00000] in <0213e6f0fa134fa89db6bafa02899715>:0 
  at VuforiaEnabledObserver..cctor () [0x00000] in <0213e6f0fa134fa89db6bafa02899715>:0 
UnityEngine.StackTraceUtility:ExtractStackTrace ()
UnityEngine.DebugLogHandler:LogFormat (UnityEngine.LogType,UnityEngine.Object,string,object[])
UnityEngine.Logger:Log (UnityEngine.LogType,object)
UnityEngine.Debug:LogError (object)
UnityEditor.EditorAssemblies:ProcessInitializeOnLoadAttributes (System.Type[])

System.NullReferenceException: Object reference not set to an instance of an object
  at Vuforia.EditorClasses.ExtensionTypeProvider.GetVuforiaPackageAbsPath () [0x0004a] in <0213e6f0fa134fa89db6bafa02899715>:0 
  at Vuforia.EditorClasses.ExtensionTypeProvider.IsPackageManager () [0x00000] in <0213e6f0fa134fa89db6bafa02899715>:0 
  at Vuforia.EditorClasses.ExtensionTypeProvider.ResolvePluginType () [0x00009] in <0213e6f0fa134fa89db6bafa02899715>:0 
  at Vuforia.EditorClasses.ExtensionTypeProvider.GetPluginType () [0x0000c] in <0213e6f0fa134fa89db6bafa02899715>:0 
  at Vuforia.EditorClasses.VuforiaUtilities.IsVuforiaEnabledInPlayerSettings () [0x00000] in <0213e6f0fa134fa89db6bafa02899715>:0 
  at Vuforia.EditorClasses.InitializeOnLoadVuforiaTaskRunner..cctor () [0x00015] in <0213e6f0fa134fa89db6bafa02899715>:0 
UnityEngine.StackTraceUtility:ExtractStackTrace ()
UnityEngine.DebugLogHandler:LogFormat (UnityEngine.LogType,UnityEngine.Object,string,object[])
UnityEngine.Logger:Log (UnityEngine.LogType,object)
UnityEngine.Debug:LogError (object)
UnityEditor.EditorAssemblies:ProcessInitializeOnLoadAttributes (System.Type[])

Mono: successfully reloaded assembly
- Completed reload, in  0.977 seconds
Domain Reload Profiling:
	ReloadAssembly (978ms)
		BeginReloadAssembly (122ms)
			ExecutionOrderSort (0ms)
			DisableScriptedObjects (4ms)
			BackupInstance (0ms)
			ReleaseScriptingObjects (0ms)
			CreateAndSetChildDomain (38ms)
		EndReloadAssembly (790ms)
			LoadAssemblies (109ms)
			RebuildTransferFunctionScriptingTraits (0ms)
			SetupTypeCache (273ms)
			ReleaseScriptCaches (1ms)
			RebuildScriptCaches (33ms)
			SetupLoadedEditorAssemblies (289ms)
				LogAssemblyErrors (0ms)
				InitializePlatformSupportModulesInManaged (6ms)
				SetLoadedEditorAssemblies (1ms)
				RefreshPlugins (1ms)
				BeforeProcessingInitializeOnLoad (78ms)
				ProcessInitializeOnLoadAttributes (189ms)
				ProcessInitializeOnLoadMethodAttributes (7ms)
				AfterProcessingInitializeOnLoad (7ms)
				EditorAssembliesLoaded (0ms)
			ExecutionOrderSort2 (0ms)
			AwakeInstancesAfterBackupRestoration (5ms)
Platform modules already initialized, skipping
Refreshing native plugins compatible for Editor in 0.79 ms, found 8 plugins.
Preloading 2 native plugins for Editor in 0.20 ms.
Unloading 1631 Unused Serialized files (Serialized files now loaded: 0)
System memory in use before: 79.7 MB.
System memory in use after: 79.8 MB.

Unloading 72 unused Assets to reduce memory usage. Loaded Objects now: 2404.
Total: 2.559100 ms (FindLiveObjects: 0.168200 ms CreateObjectMapping: 0.061100 ms MarkObjects: 2.283900 ms  DeleteObjects: 0.045100 ms)

AssetImportParameters requested are different than current active one (requested -> active):
  custom:framework-win-MediaFoundation: 216162199b28c13a410421893ffa2e32 -> 
  custom:video-decoder-ogg-theora: a1e56fd34408186e4bbccfd4996cb3dc -> 
  custom:container-muxer-webm: aa71ff27fc2769a1b78a27578f13a17b -> 
  custom:container-demuxer-webm: 4f35f7cbe854078d1ac9338744f61a02 -> 
  custom:container-demuxer-ogg: 62fdf1f143b41e24485cea50d1cbac27 -> 
  custom:video-encoder-webm-vp8: eb34c28f22e8b96e1ab97ce403110664 -> 
  custom:video-decoder-webm-vp8: 9c59270c3fd7afecdb556c50c9e8de78 -> 
  custom:audio-decoder-ogg-vorbis: bf7c407c2cedff20999df2af8eb42d56 -> 
  custom:audio-encoder-webm-vorbis: bf7c407c2cedff20999df2af8eb42d56 -> 
========================================================================
Received Prepare
Registering precompiled user dll's ...
Registered in 0.033375 seconds.
Begin MonoManager ReloadAssembly
Native extension for WindowsStandalone target not found
Native extension for WebGL target not found
Refreshing native plugins compatible for Editor in 0.74 ms, found 8 plugins.
Preloading 2 native plugins for Editor in 0.23 ms.
System.NullReferenceException: Object reference not set to an instance of an object
  at Vuforia.EditorClasses.ExtensionTypeProvider.GetVuforiaPackageAbsPath () [0x0004a] in <0213e6f0fa134fa89db6bafa02899715>:0 
  at Vuforia.EditorClasses.ExtensionTypeProvider.IsPackageManager () [0x00000] in <0213e6f0fa134fa89db6bafa02899715>:0 
  at Vuforia.EditorClasses.ExtensionTypeProvider.ResolvePluginType () [0x00009] in <0213e6f0fa134fa89db6bafa02899715>:0 
  at Vuforia.EditorClasses.ExtensionTypeProvider.GetPluginType () [0x0000c] in <0213e6f0fa134fa89db6bafa02899715>:0 
  at Vuforia.EditorClasses.VuforiaUtilities.IsVuforiaEnabledInPlayerSettings () [0x00000] in <0213e6f0fa134fa89db6bafa02899715>:0 
  at VuforiaEnabledObserver..cctor () [0x00000] in <0213e6f0fa134fa89db6bafa02899715>:0 
UnityEngine.StackTraceUtility:ExtractStackTrace ()
UnityEngine.DebugLogHandler:LogFormat (UnityEngine.LogType,UnityEngine.Object,string,object[])
UnityEngine.Logger:Log (UnityEngine.LogType,object)
UnityEngine.Debug:LogError (object)
UnityEditor.EditorAssemblies:ProcessInitializeOnLoadAttributes (System.Type[])

System.NullReferenceException: Object reference not set to an instance of an object
  at Vuforia.EditorClasses.ExtensionTypeProvider.GetVuforiaPackageAbsPath () [0x0004a] in <0213e6f0fa134fa89db6bafa02899715>:0 
  at Vuforia.EditorClasses.ExtensionTypeProvider.IsPackageManager () [0x00000] in <0213e6f0fa134fa89db6bafa02899715>:0 
  at Vuforia.EditorClasses.ExtensionTypeProvider.ResolvePluginType () [0x00009] in <0213e6f0fa134fa89db6bafa02899715>:0 
  at Vuforia.EditorClasses.ExtensionTypeProvider.GetPluginType () [0x0000c] in <0213e6f0fa134fa89db6bafa02899715>:0 
  at Vuforia.EditorClasses.VuforiaUtilities.IsVuforiaEnabledInPlayerSettings () [0x00000] in <0213e6f0fa134fa89db6bafa02899715>:0 
  at Vuforia.EditorClasses.InitializeOnLoadVuforiaTaskRunner..cctor () [0x00015] in <0213e6f0fa134fa89db6bafa02899715>:0 
UnityEngine.StackTraceUtility:ExtractStackTrace ()
UnityEngine.DebugLogHandler:LogFormat (UnityEngine.LogType,UnityEngine.Object,string,object[])
UnityEngine.Logger:Log (UnityEngine.LogType,object)
UnityEngine.Debug:LogError (object)
UnityEditor.EditorAssemblies:ProcessInitializeOnLoadAttributes (System.Type[])

Mono: successfully reloaded assembly
- Completed reload, in  0.997 seconds
Domain Reload Profiling:
	ReloadAssembly (998ms)
		BeginReloadAssembly (113ms)
			ExecutionOrderSort (0ms)
			DisableScriptedObjects (3ms)
			BackupInstance (0ms)
			ReleaseScriptingObjects (0ms)
			CreateAndSetChildDomain (34ms)
		EndReloadAssembly (822ms)
			LoadAssemblies (97ms)
			RebuildTransferFunctionScriptingTraits (0ms)
			SetupTypeCache (303ms)
			ReleaseScriptCaches (1ms)
			RebuildScriptCaches (36ms)
			SetupLoadedEditorAssemblies (287ms)
				LogAssemblyErrors (0ms)
				InitializePlatformSupportModulesInManaged (5ms)
				SetLoadedEditorAssemblies (0ms)
				RefreshPlugins (1ms)
				BeforeProcessingInitializeOnLoad (74ms)
				ProcessInitializeOnLoadAttributes (193ms)
				ProcessInitializeOnLoadMethodAttributes (6ms)
				AfterProcessingInitializeOnLoad (7ms)
				EditorAssembliesLoaded (0ms)
			ExecutionOrderSort2 (0ms)
			AwakeInstancesAfterBackupRestoration (5ms)
Platform modules already initialized, skipping
Refreshing native plugins compatible for Editor in 0.75 ms, found 8 plugins.
Preloading 2 native plugins for Editor in 0.19 ms.
Unloading 1631 Unused Serialized files (Serialized files now loaded: 0)
System memory in use before: 79.7 MB.
System memory in use after: 79.8 MB.

Unloading 72 unused Assets to reduce memory usage. Loaded Objects now: 2406.
Total: 2.514400 ms (FindLiveObjects: 0.179600 ms CreateObjectMapping: 0.069900 ms MarkObjects: 2.241200 ms  DeleteObjects: 0.023000 ms)

AssetImportParameters requested are different than current active one (requested -> active):
  custom:framework-win-MediaFoundation: 216162199b28c13a410421893ffa2e32 -> 
  custom:video-decoder-ogg-theora: a1e56fd34408186e4bbccfd4996cb3dc -> 
  custom:container-muxer-webm: aa71ff27fc2769a1b78a27578f13a17b -> 
  custom:container-demuxer-webm: 4f35f7cbe854078d1ac9338744f61a02 -> 
  custom:container-demuxer-ogg: 62fdf1f143b41e24485cea50d1cbac27 -> 
  custom:video-encoder-webm-vp8: eb34c28f22e8b96e1ab97ce403110664 -> 
  custom:video-decoder-webm-vp8: 9c59270c3fd7afecdb556c50c9e8de78 -> 
  custom:audio-decoder-ogg-vorbis: bf7c407c2cedff20999df2af8eb42d56 -> 
  custom:audio-encoder-webm-vorbis: bf7c407c2cedff20999df2af8eb42d56 -> 
========================================================================
Received Prepare
Registering precompiled user dll's ...
Registered in 0.031570 seconds.
Begin MonoManager ReloadAssembly
Native extension for WindowsStandalone target not found
Native extension for WebGL target not found
Refreshing native plugins compatible for Editor in 1.02 ms, found 8 plugins.
Preloading 2 native plugins for Editor in 0.23 ms.
System.NullReferenceException: Object reference not set to an instance of an object
  at Vuforia.EditorClasses.ExtensionTypeProvider.GetVuforiaPackageAbsPath () [0x0004a] in <0213e6f0fa134fa89db6bafa02899715>:0 
  at Vuforia.EditorClasses.ExtensionTypeProvider.IsPackageManager () [0x00000] in <0213e6f0fa134fa89db6bafa02899715>:0 
  at Vuforia.EditorClasses.ExtensionTypeProvider.ResolvePluginType () [0x00009] in <0213e6f0fa134fa89db6bafa02899715>:0 
  at Vuforia.EditorClasses.ExtensionTypeProvider.GetPluginType () [0x0000c] in <0213e6f0fa134fa89db6bafa02899715>:0 
  at Vuforia.EditorClasses.VuforiaUtilities.IsVuforiaEnabledInPlayerSettings () [0x00000] in <0213e6f0fa134fa89db6bafa02899715>:0 
  at VuforiaEnabledObserver..cctor () [0x00000] in <0213e6f0fa134fa89db6bafa02899715>:0 
UnityEngine.StackTraceUtility:ExtractStackTrace ()
UnityEngine.DebugLogHandler:LogFormat (UnityEngine.LogType,UnityEngine.Object,string,object[])
UnityEngine.Logger:Log (UnityEngine.LogType,object)
UnityEngine.Debug:LogError (object)
UnityEditor.EditorAssemblies:ProcessInitializeOnLoadAttributes (System.Type[])

System.NullReferenceException: Object reference not set to an instance of an object
  at Vuforia.EditorClasses.ExtensionTypeProvider.GetVuforiaPackageAbsPath () [0x0004a] in <0213e6f0fa134fa89db6bafa02899715>:0 
  at Vuforia.EditorClasses.ExtensionTypeProvider.IsPackageManager () [0x00000] in <0213e6f0fa134fa89db6bafa02899715>:0 
  at Vuforia.EditorClasses.ExtensionTypeProvider.ResolvePluginType () [0x00009] in <0213e6f0fa134fa89db6bafa02899715>:0 
  at Vuforia.EditorClasses.ExtensionTypeProvider.GetPluginType () [0x0000c] in <0213e6f0fa134fa89db6bafa02899715>:0 
  at Vuforia.EditorClasses.VuforiaUtilities.IsVuforiaEnabledInPlayerSettings () [0x00000] in <0213e6f0fa134fa89db6bafa02899715>:0 
  at Vuforia.EditorClasses.InitializeOnLoadVuforiaTaskRunner..cctor () [0x00015] in <0213e6f0fa134fa89db6bafa02899715>:0 
UnityEngine.StackTraceUtility:ExtractStackTrace ()
UnityEngine.DebugLogHandler:LogFormat (UnityEngine.LogType,UnityEngine.Object,string,object[])
UnityEngine.Logger:Log (UnityEngine.LogType,object)
UnityEngine.Debug:LogError (object)
UnityEditor.EditorAssemblies:ProcessInitializeOnLoadAttributes (System.Type[])

Mono: successfully reloaded assembly
- Completed reload, in  1.226 seconds
Domain Reload Profiling:
	ReloadAssembly (1227ms)
		BeginReloadAssembly (139ms)
			ExecutionOrderSort (0ms)
			DisableScriptedObjects (9ms)
			BackupInstance (0ms)
			ReleaseScriptingObjects (0ms)
			CreateAndSetChildDomain (48ms)
		EndReloadAssembly (1025ms)
			LoadAssemblies (116ms)
			RebuildTransferFunctionScriptingTraits (0ms)
			SetupTypeCache (291ms)
			ReleaseScriptCaches (1ms)
			RebuildScriptCaches (37ms)
			SetupLoadedEditorAssemblies (403ms)
				LogAssemblyErrors (0ms)
				InitializePlatformSupportModulesInManaged (5ms)
				SetLoadedEditorAssemblies (0ms)
				RefreshPlugins (1ms)
				BeforeProcessingInitializeOnLoad (79ms)
				ProcessInitializeOnLoadAttributes (303ms)
				ProcessInitializeOnLoadMethodAttributes (7ms)
				AfterProcessingInitializeOnLoad (8ms)
				EditorAssembliesLoaded (0ms)
			ExecutionOrderSort2 (0ms)
			AwakeInstancesAfterBackupRestoration (5ms)
Platform modules already initialized, skipping
Switching build target platform(19) subTarget(0) extendedPlatform(0) -> platform(13) subTarget(537460736) extendedPlatform(0)
Refreshing native plugins compatible for Editor in 0.75 ms, found 8 plugins.
Preloading 2 native plugins for Editor in 0.21 ms.
Unloading 1692 Unused Serialized files (Serialized files now loaded: 0)
System memory in use before: 81.0 MB.
System memory in use after: 81.1 MB.

Unloading 129 unused Assets to reduce memory usage. Loaded Objects now: 2408.
Total: 2.944600 ms (FindLiveObjects: 0.174700 ms CreateObjectMapping: 0.076600 ms MarkObjects: 2.637100 ms  DeleteObjects: 0.054700 ms)

AssetImportParameters requested are different than current active one (requested -> active):
  custom:framework-win-MediaFoundation: 216162199b28c13a410421893ffa2e32 -> 
  custom:video-decoder-ogg-theora: a1e56fd34408186e4bbccfd4996cb3dc -> 
  custom:container-muxer-webm: aa71ff27fc2769a1b78a27578f13a17b -> 
  custom:container-demuxer-webm: 4f35f7cbe854078d1ac9338744f61a02 -> 
  custom:container-demuxer-ogg: 62fdf1f143b41e24485cea50d1cbac27 -> 
  custom:video-encoder-webm-vp8: eb34c28f22e8b96e1ab97ce403110664 -> 
  custom:video-decoder-webm-vp8: 9c59270c3fd7afecdb556c50c9e8de78 -> 
  custom:graphics/normal-map-encoding: 01000000000000000000000000000000 -> 02000000000000000000000000000000
  custom:audio-decoder-ogg-vorbis: bf7c407c2cedff20999df2af8eb42d56 -> 
  custom:audio-encoder-webm-vorbis: bf7c407c2cedff20999df2af8eb42d56 -> 
========================================================================
Received Prepare
Refreshing native plugins compatible for Editor in 27.36 ms, found 8 plugins.
Preloading 2 native plugins for Editor in 0.23 ms.
Unloading 70 Unused Serialized files (Serialized files now loaded: 0)
System memory in use before: 48.2 MB.
System memory in use after: 48.3 MB.

Unloading 70 unused Assets to reduce memory usage. Loaded Objects now: 2408.
Total: 2.677900 ms (FindLiveObjects: 0.160700 ms CreateObjectMapping: 0.065600 ms MarkObjects: 2.429800 ms  DeleteObjects: 0.021000 ms)

AssetImportParameters requested are different than current active one (requested -> active):
  custom:framework-win-MediaFoundation: 216162199b28c13a410421893ffa2e32 -> 
  custom:video-decoder-ogg-theora: a1e56fd34408186e4bbccfd4996cb3dc -> 
  custom:container-muxer-webm: aa71ff27fc2769a1b78a27578f13a17b -> 
  custom:container-demuxer-webm: 4f35f7cbe854078d1ac9338744f61a02 -> 
  custom:container-demuxer-ogg: 62fdf1f143b41e24485cea50d1cbac27 -> 
  custom:video-encoder-webm-vp8: eb34c28f22e8b96e1ab97ce403110664 -> 
  custom:video-decoder-webm-vp8: 9c59270c3fd7afecdb556c50c9e8de78 -> 
  custom:audio-decoder-ogg-vorbis: bf7c407c2cedff20999df2af8eb42d56 -> 
  custom:audio-encoder-webm-vorbis: bf7c407c2cedff20999df2af8eb42d56 -> 
AssetImportWorkerClient::OnTransportError - code=2 error=End of file
